01/02/18 14:40:37.889 [mtaf.inspector      ] DEBUG - [logging_init                   ] write: _txt = ['Getting Screenshot using ADB...'], len=31
01/02/18 14:40:37.898 [mtaf.inspector      ] DEBUG - [logging_init                   ] write: _txt = [' '], len=1
01/02/18 14:40:37.899 [mtaf.inspector      ] DEBUG - [logging_init                   ] write: _txt = ['1 devices found'], len=15
01/02/18 14:40:37.900 [mtaf.inspector      ] DEBUG - [logging_init                   ] write: _txt = ['\n'], len=1
01/02/18 14:40:38.765 [mtaf.inspector      ] DEBUG - [logging_init                   ] saving screenshot to screenshot/inspector.png
01/02/18 14:40:38.766 [mtaf.inspector      ] DEBUG - [logging_init                   ] write: _txt = ['Done'], len=4
01/02/18 14:40:38.768 [mtaf.inspector      ] DEBUG - [logging_init                   ] write: _txt = ['\n'], len=1
01/02/18 14:40:38.769 [mtaf.inspector      ] DEBUG - [logging_init                   ] write: _txt = ['Getting XML and CSV...'], len=22
01/02/18 14:40:38.771 [mtaf.inspector      ] INFO  - [logging_init                   ] saving xml xml/inspector.xml
01/02/18 14:40:40.833 [mtaf.inspector      ] DEBUG - [logging_init                   ] write: _txt = [' '], len=1
01/02/18 14:40:40.836 [mtaf.inspector      ] DEBUG - [logging_init                   ] write: _txt = ['Done'], len=4
01/02/18 14:40:40.837 [mtaf.inspector      ] DEBUG - [logging_init                   ] write: _txt = ['\n'], len=1
01/02/18 14:40:45.129 [mtaf.inspector      ] DEBUG - [logging_init                   ] write: _txt = ['Getting Screenshot using ADB...'], len=31
01/02/18 14:40:45.137 [mtaf.inspector      ] DEBUG - [logging_init                   ] write: _txt = [' '], len=1
01/02/18 14:40:45.139 [mtaf.inspector      ] DEBUG - [logging_init                   ] write: _txt = ['1 devices found'], len=15
01/02/18 14:40:45.140 [mtaf.inspector      ] DEBUG - [logging_init                   ] write: _txt = ['\n'], len=1
01/02/18 14:40:45.994 [mtaf.inspector      ] DEBUG - [logging_init                   ] saving screenshot to screenshot/inspector.png
01/02/18 14:40:45.994 [mtaf.inspector      ] DEBUG - [logging_init                   ] write: _txt = ['Done'], len=4
01/02/18 14:40:45.996 [mtaf.inspector      ] DEBUG - [logging_init                   ] write: _txt = ['\n'], len=1
01/02/18 14:40:45.998 [mtaf.inspector      ] DEBUG - [logging_init                   ] write: _txt = ['Getting XML and CSV...'], len=22
01/02/18 14:40:46.000 [mtaf.inspector      ] INFO  - [logging_init                   ] saving xml xml/inspector.xml
01/02/18 14:40:48.081 [mtaf.inspector      ] DEBUG - [logging_init                   ] write: _txt = [' '], len=1
01/02/18 14:40:48.084 [mtaf.inspector      ] DEBUG - [logging_init                   ] write: _txt = ['Done'], len=4
01/02/18 14:40:48.086 [mtaf.inspector      ] DEBUG - [logging_init                   ] write: _txt = ['\n'], len=1
